2025-06-19 20:43:21,704 - INFO - 开始爬取B站视频，关键词：大学物理
2025-06-19 20:43:21,705 - INFO - 爬虫运行结束
2025-06-19 20:45:44,129 - INFO - 开始爬取B站视频，关键词：大学物理，页数：1
2025-06-19 20:45:44,129 - INFO - 正在爬取第1页...
2025-06-19 20:45:44,129 - INFO - 爬虫运行结束
2025-06-19 20:47:18,056 - INFO - 开始爬取B站视频，关键词：长沙，页数：1
2025-06-19 20:47:18,056 - INFO - 正在爬取第1页...
2025-06-19 20:47:18,056 - INFO - 爬虫运行结束
2025-06-19 20:48:04,700 - INFO - 开始爬取B站视频，关键词：长沙，页数：1
2025-06-19 20:48:04,700 - INFO - 正在爬取第1页...
2025-06-19 20:48:04,700 - INFO - 爬虫运行结束
2025-06-19 20:50:01,887 - INFO - 开始爬取B站视频，关键词：长沙，页数：1
2025-06-19 20:50:01,889 - INFO - 正在爬取第1页...
2025-06-19 20:50:01,889 - INFO - 本页爬取到5条视频
2025-06-19 20:50:01,889 - INFO - 已保存到 like_data\like_长沙.json
2025-06-19 20:50:01,889 - INFO - 爬虫运行结束
2025-06-19 20:51:15,845 - INFO - 开始爬取B站视频，关键词：长沙，页数：1
2025-06-19 20:51:15,846 - INFO - 正在爬取第1页...
2025-06-19 20:51:15,846 - INFO - 本页爬取到5条视频
2025-06-19 20:51:15,848 - INFO - 已保存到 like_data\like_长沙.json
2025-06-19 20:51:15,848 - INFO - 爬虫运行结束
2025-06-19 20:51:30,838 - INFO - 开始爬取B站视频，关键词：郴州，页数：1
2025-06-19 20:51:30,838 - INFO - 正在爬取第1页...
2025-06-19 20:51:30,838 - INFO - 本页爬取到5条视频
2025-06-19 20:51:30,839 - INFO - 已保存到 like_data\like_郴州.json
2025-06-19 20:51:30,839 - INFO - 爬虫运行结束
2025-06-19 20:52:57,548 - INFO - 开始爬取B站视频，关键词：衡阳，页数：1
2025-06-19 20:52:57,548 - INFO - 正在爬取第1页...
2025-06-19 20:52:57,548 - INFO - 本页爬取到5条视频
2025-06-19 20:52:57,549 - INFO - 已保存到 like_data\like_衡阳.json
2025-06-19 20:52:57,549 - INFO - 爬虫运行结束
2025-06-19 20:55:21,735 - INFO - 开始爬取B站视频，关键词：张家界，页数：1
2025-06-19 20:55:21,735 - INFO - 正在爬取第1页...
2025-06-19 20:55:21,735 - INFO - 本页爬取到5条视频
2025-06-19 20:55:21,736 - INFO - 已保存到 like_data\like_张家界.json
2025-06-19 20:55:21,736 - INFO - 爬虫运行结束
2025-06-19 21:00:38,068 - INFO - 开始爬取B站视频，关键词：长沙，页数：1
2025-06-19 21:00:38,068 - INFO - 正在爬取第1页...
2025-06-19 21:00:38,068 - INFO - 本页爬取到5条视频
2025-06-19 21:00:38,069 - INFO - 已保存到 like_data\like_%E9%95%BF%E6%B2%99.json
2025-06-19 21:00:38,069 - INFO - 爬虫运行结束
2025-06-19 21:01:54,200 - INFO - 开始爬取B站视频，关键词：郴州，页数：1
2025-06-19 21:01:54,200 - INFO - 正在爬取第1页...
2025-06-19 21:01:54,200 - INFO - 本页爬取到5条视频
2025-06-19 21:01:54,201 - INFO - 已保存到 like_data\like_%E9%83%B4%E5%B7%9E.json
2025-06-19 21:01:54,201 - INFO - 爬虫运行结束
2025-06-19 21:03:13,030 - INFO - 开始爬取B站视频，关键词：株洲，页数：1
2025-06-19 21:03:13,030 - INFO - 正在爬取第1页...
2025-06-19 21:03:13,069 - ERROR - 爬取第1页失败: HTTPSConnectionPool(host='api.bilibili.com', port=443): Max retries exceeded with url: /x/web-interface/search/type?search_type=video&keyword=%E6%A0%AA%E6%B4%B2&page=1 (Caused by ProxyError('Unable to connect to proxy', FileNotFoundError(2, 'No such file or directory')))
2025-06-19 21:03:13,069 - INFO - 本页爬取到0条视频
2025-06-19 21:03:13,069 - INFO - 已保存到 like_data\like_%E6%A0%AA%E6%B4%B2.json
2025-06-19 21:03:13,069 - INFO - 爬虫运行结束
2025-06-19 21:04:34,689 - INFO - 开始爬取B站视频，关键词：株洲，页数：1
2025-06-19 21:04:34,689 - INFO - 正在爬取第1页...
2025-06-19 21:04:34,722 - ERROR - 爬取第1页失败: HTTPSConnectionPool(host='api.bilibili.com', port=443): Max retries exceeded with url: /x/web-interface/search/type?search_type=video&keyword=%E6%A0%AA%E6%B4%B2&page=1 (Caused by ProxyError('Unable to connect to proxy', FileNotFoundError(2, 'No such file or directory')))
2025-06-19 21:04:34,722 - INFO - 本页爬取到0条视频
2025-06-19 21:04:34,722 - INFO - 已保存到 like_data\like_%E6%A0%AA%E6%B4%B2.json
2025-06-19 21:04:34,722 - INFO - 爬虫运行结束
2025-06-19 21:06:44,374 - INFO - 开始爬取B站视频，关键词：株洲，页数：1
2025-06-19 21:06:44,374 - INFO - 正在爬取第1页...
2025-06-19 21:06:44,656 - ERROR - 爬取第1页失败: Expecting value: line 1 column 1 (char 0)
2025-06-19 21:06:44,656 - INFO - 本页爬取到0条视频
2025-06-19 21:06:44,657 - INFO - 已保存到 like_data\like_%E6%A0%AA%E6%B4%B2.json
2025-06-19 21:06:44,657 - INFO - 爬虫运行结束
2025-06-19 21:10:09,797 - INFO - 开始爬取B站视频，关键词：西安，页数：1
2025-06-19 21:10:09,797 - INFO - 正在爬取第1页...
2025-06-19 21:10:09,797 - ERROR - 爬取第1页失败: name 'proxies' is not defined
2025-06-19 21:10:09,797 - INFO - 本页爬取到0条视频
2025-06-19 21:10:09,806 - INFO - 已保存到 like_data\like_%E8%A5%BF%E5%AE%89.json
2025-06-19 21:10:09,806 - INFO - 爬虫运行结束
2025-06-19 21:11:54,712 - INFO - 开始爬取B站视频，关键词：西安，页数：1
2025-06-19 21:11:54,712 - INFO - 正在爬取第1页...
2025-06-19 21:11:56,599 - INFO - 响应内容: <!DOCTYPE html>
<html lang="zh-cn">

<head>
    <meta http-equiv="Access-Control-Allow-Origin" content="*" />
    <meta http-equiv="Page-Enter" content="blendTrans(Duration=0.5)">
    <meta http-equiv
2025-06-19 21:11:56,599 - ERROR - 爬取第1页失败: Expecting value: line 1 column 1 (char 0)
2025-06-19 21:11:56,599 - INFO - 本页爬取到0条视频
2025-06-19 21:11:56,600 - INFO - 已保存到 like_data\like_%E8%A5%BF%E5%AE%89.json
2025-06-19 21:11:56,600 - INFO - 爬虫运行结束
2025-06-19 21:12:26,731 - INFO - 开始爬取B站视频，关键词：西安，页数：1
2025-06-19 21:12:26,732 - INFO - 正在爬取第1页...
2025-06-19 21:12:27,603 - INFO - 响应内容: <!DOCTYPE html>
<html lang="zh-cn">

<head>
    <meta http-equiv="Access-Control-Allow-Origin" content="*" />
    <meta http-equiv="Page-Enter" content="blendTrans(Duration=0.5)">
    <meta http-equiv
2025-06-19 21:12:27,603 - ERROR - 爬取第1页失败: Expecting value: line 1 column 1 (char 0)
2025-06-19 21:12:27,604 - INFO - 本页爬取到0条视频
2025-06-19 21:12:27,604 - INFO - 已保存到 like_data\like_%E8%A5%BF%E5%AE%89.json
2025-06-19 21:12:27,604 - INFO - 爬虫运行结束
2025-06-19 21:16:28,948 - INFO - 开始爬取B站视频，关键词：西安，页数：1
2025-06-19 21:16:28,948 - INFO - 正在爬取第1页...
2025-06-19 21:16:30,429 - INFO - 响应内容: {"code":0,"message":"0","ttl":1,"data":{"seid":"4722175961115198325","page":1,"pagesize":20,"numResults":1000,"numPages":50,"suggest_keyword":"","rqt_type":"search","cost_time":{"total":"0.493023","fe
2025-06-19 21:16:30,431 - INFO - 本页爬取到18条视频
2025-06-19 21:16:30,433 - INFO - 已保存到 like_data\like_%E8%A5%BF%E5%AE%89.json
2025-06-19 21:16:30,433 - INFO - 爬虫运行结束
2025-06-19 21:18:23,395 - INFO - 开始爬取B站视频，关键词：君在西安，页数：1
2025-06-19 21:18:23,395 - INFO - 正在爬取第1页...
2025-06-19 21:18:24,593 - INFO - 响应内容: {"code":0,"message":"0","ttl":1,"data":{"seid":"10670119853033080437","page":1,"pagesize":20,"numResults":1000,"numPages":50,"suggest_keyword":"","rqt_type":"search","cost_time":{"total":"0.468936","f
2025-06-19 21:18:24,594 - INFO - 本页爬取到20条视频
2025-06-19 21:18:24,594 - INFO - 已保存到 like_data\like_%E5%90%9B%E5%9C%A8%E8%A5%BF%E5%AE%89.json
2025-06-19 21:18:24,594 - INFO - 爬虫运行结束
